<?xml version="1.0" encoding="UTF-8"?>
<!-- Generated by org.testng.reporters.JUnitXMLReporter -->
<testsuite ignored="25" hostname="COG-WIN-MAC03" failures="5" tests="26" name="Test" time="2320.487" errors="0" timestamp="2023-07-12T23:32:55 IST">
  <testcase classname="testcases.HumanResourcesTest" name="ValidateClickTestingOfAttendancePage" time="78.961"/>
  <testcase classname="testcases.BillingTest" name="ValidateClickTestingOfAutomateFlagProcessingPage" time="72.878"/>
  <testcase classname="testcases.AssetManagementTest" name="ValidateClickTestingOfGroupListPage" time="56.53">
    <failure type="java.lang.AssertionError" message="Asset Dashboard -  element not present">
      <![CDATA[java.lang.AssertionError: Asset Dashboard -  element not present
at utils.WebBasePage.click(WebBasePage.java:126)
at pageobjects.AssetManagementPage.clickOnAssetDashboard(AssetManagementPage.java:45)
at action.AssetManagementAction.GoToGroupListPage(AssetManagementAction.java:29)
at testcases.AssetManagementTest.ValidateClickTestingOfGroupListPage(AssetManagementTest.java:27)
at java.base/java.util.ArrayList.forEach(ArrayList.java:1511)
... Removed 28 stack frames]]>
    </failure>
  </testcase> <!-- ValidateClickTestingOfGroupListPage -->
  <testcase classname="testcases.GeneralTest" name="ValidateClickTestingOfAddReportPage" time="98.158"/>
  <testcase classname="testcases.ExpenseTest" name="ValidateClickTestingOfAddExpensePage" time="83.25"/>
  <testcase classname="testcases.EventManagementTest" name="ValidateClickTestingOfCalendarPage" time="105.072"/>
  <testcase classname="testcases.DocumentStorageTest" name="ValidateClickTestingOfManageClientStoragePage" time="76.653">
    <failure type="java.lang.AssertionError" message="File Dashboard -  element not present">
      <![CDATA[java.lang.AssertionError: File Dashboard -  element not present
at utils.WebBasePage.click(WebBasePage.java:126)
at pageobjects.DocumentStoragePage.clickOnFileDashboard(DocumentStoragePage.java:49)
at action.DocumentStorageAction.GoToManageClientStoragePage(DocumentStorageAction.java:29)
at testcases.DocumentStorageTest.ValidateClickTestingOfManageClientStoragePage(DocumentStorageTest.java:27)
at java.base/java.util.ArrayList.forEach(ArrayList.java:1511)
... Removed 28 stack frames]]>
    </failure>
  </testcase> <!-- ValidateClickTestingOfManageClientStoragePage -->
  <testcase classname="testcases.FSMTest" name="ValidateClickTestingOfAddTicketPage" time="48.922">
    <failure type="java.lang.AssertionError" message="FSM -  element not present">
      <![CDATA[java.lang.AssertionError: FSM -  element not present
at utils.WebBasePage.click(WebBasePage.java:126)
at pageobjects.FSMPage.clickOnFSMLink(FSMPage.java:26)
at action.FSMAction.GoToFSMPage(FSMAction.java:20)
at testcases.FSMTest.ValidateClickTestingOfAddTicketPage(FSMTest.java:26)
at java.base/java.util.ArrayList.forEach(ArrayList.java:1511)
... Removed 28 stack frames]]>
    </failure>
  </testcase> <!-- ValidateClickTestingOfAddTicketPage -->
  <testcase classname="testcases.INTEGRATIONSTest" name="ValidateClickTestingOfINTEGRATIONSPage" time="55.632"/>
  <testcase classname="testcases.MSPModuleTest" name="ValidateClickTestingOfAddPackagesPage" time="69.728"/>
  <testcase classname="testcases.DisplayScreenTest" name="ValidateClickTestingOfCounterPage" time="55.564"/>
  <testcase classname="testcases.VDeskTest" name="ValidateClickTestingOfApplicationSettingsPage" time="53.391"/>
  <testcase classname="testcases.AppointmentCalendarTest" name="ValidateClickTestingOfManageExternalLinkPage" time="60.359">
    <failure type="java.lang.AssertionError" message="Schedule Appointment -  element not present">
      <![CDATA[java.lang.AssertionError: Schedule Appointment -  element not present
at utils.WebBasePage.click(WebBasePage.java:126)
at pageobjects.AppointmentCalendarPage.clickOnScheduleAppointment(AppointmentCalendarPage.java:45)
at action.AppointmentCalendarAction.GoToManageexternalLinkPage(AppointmentCalendarAction.java:29)
at testcases.AppointmentCalendarTest.ValidateClickTestingOfManageExternalLinkPage(AppointmentCalendarTest.java:27)
at java.base/java.util.ArrayList.forEach(ArrayList.java:1511)
... Removed 28 stack frames]]>
    </failure>
  </testcase> <!-- ValidateClickTestingOfManageExternalLinkPage -->
  <testcase classname="testcases.CRMTest" name="ValidateClickTestingOfAccountsPage" time="40.29">
    <failure type="java.lang.AssertionError" message="Expand Context menu -  element not clickable">
      <![CDATA[java.lang.AssertionError: Expand Context menu -  element not clickable
at utils.WebBasePage.click(WebBasePage.java:119)
at pageobjects.CRMPage.clickOnAccounts(CRMPage.java:37)
at action.CRMAction.GoToAccountsPage(CRMAction.java:30)
at testcases.CRMTest.ValidateClickTestingOfAccountsPage(CRMTest.java:27)
at java.base/java.util.ArrayList.forEach(ArrayList.java:1511)
... Removed 28 stack frames]]>
    </failure>
  </testcase> <!-- ValidateClickTestingOfAccountsPage -->
  <testcase classname="testcases.ApprovalTest" name="ValidateClickTestingOfApprovalChainPage" time="60.748"/>
  <testcase classname="testcases.VendorTest" name="ValidateClickTestingOfTrainingPage" time="78.244"/>
  <testcase classname="testcases.PerformanceReviewTest" name="ValidateClickTestingOfPerformanceReviewPage" time="98.476"/>
  <testcase classname="testcases.HRManagementTest" name="ValidateClickTestingOfAttendancePage" time="109.908"/>
  <testcase classname="testcases.TicketingTest" name="ValidateClickTestingOfTicketingPage" time="124.333"/>
  <testcase classname="testcases.TimeTrackingTest" name="ValidateClickTestingOfAuditRulePage" time="141.98"/>
  <testcase classname="testcases.HiringTest" name="ValidateClickTestingOfCandidateListPage" time="72.868"/>
  <testcase classname="testcases.CommunicationTest" name="ValidateClickTestingOfIVRPage" time="80.025"/>
  <testcase classname="testcases.TrainingTest" name="ValidateClickTestingOfTrainingPage" time="63.53"/>
  <testcase classname="testcases.COMPANYSETUPTest" name="ValidateClickTestingOfClientPage" time="56.188"/>
  <testcase classname="testcases.ProjectManagementTest" name="ValidateClickTestingOfGlobalTaskPage" time="180.96"/>
  <testcase classname="testcases.IntegrationTest" name="ValidateClickTestingOfBasecampPage" time="55.375"/>
  <testcase classname="utils.WebTestBase" name="@AfterSuite close" time="0.0">
    <ignored/>
  </testcase> <!-- @AfterSuite close -->
  <testcase classname="utils.WebTestBase" name="@AfterSuite close" time="0.0">
    <ignored/>
  </testcase> <!-- @AfterSuite close -->
  <testcase classname="utils.WebTestBase" name="@AfterSuite close" time="0.0">
    <ignored/>
  </testcase> <!-- @AfterSuite close -->
  <testcase classname="utils.WebTestBase" name="@AfterSuite close" time="0.0">
    <ignored/>
  </testcase> <!-- @AfterSuite close -->
  <testcase classname="utils.WebTestBase" name="@AfterSuite close" time="0.0">
    <ignored/>
  </testcase> <!-- @AfterSuite close -->
  <testcase classname="utils.WebTestBase" name="@AfterSuite close" time="0.0">
    <ignored/>
  </testcase> <!-- @AfterSuite close -->
  <testcase classname="utils.WebTestBase" name="@AfterSuite close" time="0.0">
    <ignored/>
  </testcase> <!-- @AfterSuite close -->
  <testcase classname="utils.WebTestBase" name="@AfterSuite close" time="0.0">
    <ignored/>
  </testcase> <!-- @AfterSuite close -->
  <testcase classname="utils.WebTestBase" name="@AfterSuite close" time="0.0">
    <ignored/>
  </testcase> <!-- @AfterSuite close -->
  <testcase classname="utils.WebTestBase" name="@AfterSuite close" time="0.0">
    <ignored/>
  </testcase> <!-- @AfterSuite close -->
  <testcase classname="utils.WebTestBase" name="@AfterSuite close" time="0.0">
    <ignored/>
  </testcase> <!-- @AfterSuite close -->
  <testcase classname="utils.WebTestBase" name="@AfterSuite close" time="0.0">
    <ignored/>
  </testcase> <!-- @AfterSuite close -->
  <testcase classname="utils.WebTestBase" name="@AfterSuite close" time="0.0">
    <ignored/>
  </testcase> <!-- @AfterSuite close -->
  <testcase classname="utils.WebTestBase" name="@AfterSuite close" time="0.0">
    <ignored/>
  </testcase> <!-- @AfterSuite close -->
  <testcase classname="utils.WebTestBase" name="@AfterSuite close" time="0.0">
    <ignored/>
  </testcase> <!-- @AfterSuite close -->
  <testcase classname="utils.WebTestBase" name="@AfterSuite close" time="0.0">
    <ignored/>
  </testcase> <!-- @AfterSuite close -->
  <testcase classname="utils.WebTestBase" name="@AfterSuite close" time="0.0">
    <ignored/>
  </testcase> <!-- @AfterSuite close -->
  <testcase classname="utils.WebTestBase" name="@AfterSuite close" time="0.0">
    <ignored/>
  </testcase> <!-- @AfterSuite close -->
  <testcase classname="utils.WebTestBase" name="@AfterSuite close" time="0.0">
    <ignored/>
  </testcase> <!-- @AfterSuite close -->
  <testcase classname="utils.WebTestBase" name="@AfterSuite close" time="0.0">
    <ignored/>
  </testcase> <!-- @AfterSuite close -->
  <testcase classname="utils.WebTestBase" name="@AfterSuite close" time="0.0">
    <ignored/>
  </testcase> <!-- @AfterSuite close -->
  <testcase classname="utils.WebTestBase" name="@AfterSuite close" time="0.0">
    <ignored/>
  </testcase> <!-- @AfterSuite close -->
  <testcase classname="utils.WebTestBase" name="@AfterSuite close" time="0.0">
    <ignored/>
  </testcase> <!-- @AfterSuite close -->
  <testcase classname="utils.WebTestBase" name="@AfterSuite close" time="0.0">
    <ignored/>
  </testcase> <!-- @AfterSuite close -->
  <testcase classname="utils.WebTestBase" name="@AfterSuite close" time="0.0">
    <ignored/>
  </testcase> <!-- @AfterSuite close -->
</testsuite> <!-- Test -->
