<html>
<head>
<title>TestNG:  Test</title>
<link href="../testng.css" rel="stylesheet" type="text/css" />
<link href="../my-testng.css" rel="stylesheet" type="text/css" />

<style type="text/css">
.log { display: none;} 
.stack-trace { display: none;} 
</style>
<script type="text/javascript">
<!--
function flip(e) {
  current = e.style.display;
  if (current == 'block') {
    e.style.display = 'none';
    return 0;
  }
  else {
    e.style.display = 'block';
    return 1;
  }
}

function toggleBox(szDivId, elem, msg1, msg2)
{
  var res = -1;  if (document.getElementById) {
    res = flip(document.getElementById(szDivId));
  }
  else if (document.all) {
    // this is the way old msie versions work
    res = flip(document.all[szDivId]);
  }
  if(elem) {
    if(res == 0) elem.innerHTML = msg1; else elem.innerHTML = msg2;
  }

}

function toggleAllBoxes() {
  if (document.getElementsByTagName) {
    d = document.getElementsByTagName('div');
    for (i = 0; i < d.length; i++) {
      if (d[i].className == 'log') {
        flip(d[i]);
      }
    }
  }
}

// -->
</script>

</head>
<body>
<h2 align='center'>Test</h2><table border='1' align="center">
<tr>
<td>Tests passed/Failed/Skipped:</td><td>21/5/0</td>
</tr><tr>
<td>Started on:</td><td>Wed Jul 12 22:54:14 IST 2023</td>
</tr>
<tr><td>Total time:</td><td>2320 seconds (2320487 ms)</td>
</tr><tr>
<td>Included groups:</td><td></td>
</tr><tr>
<td>Excluded groups:</td><td></td>
</tr>
</table><p/>
<small><i>(Hover the method name to see the test class name)</i></small><p/>
<table width='100%' border='1' class='invocation-failed'>
<tr><td colspan='4' align='center'><b>FAILED TESTS</b></td></tr>
<tr><td><b>Test method</b></td>
<td width="30%"><b>Exception</b></td>
<td width="10%"><b>Time (seconds)</b></td>
<td><b>Instance</b></td>
</tr>
<tr>
<td title='testcases.AppointmentCalendarTest.ValidateClickTestingOfManageExternalLinkPage()'><b>ValidateClickTestingOfManageExternalLinkPage</b><br>Test class: testcases.AppointmentCalendarTest</td>
<td><div><pre>java.lang.AssertionError: Schedule Appointment -  element not present
	at utils.WebBasePage.click(WebBasePage.java:126)
	at pageobjects.AppointmentCalendarPage.clickOnScheduleAppointment(AppointmentCalendarPage.java:45)
	at action.AppointmentCalendarAction.GoToManageexternalLinkPage(AppointmentCalendarAction.java:29)
	at testcases.AppointmentCalendarTest.ValidateClickTestingOfManageExternalLinkPage(AppointmentCalendarTest.java:27)
	at java.base/java.util.ArrayList.forEach(ArrayList.java:1511)
... Removed 28 stack frames</pre></div><a href='#' onClick='toggleBox("stack-trace1182042884", this, "Click to show all stack frames", "Click to hide stack frames")'>Click to show all stack frames</a>
<div class='stack-trace' id='stack-trace1182042884'><pre>java.lang.AssertionError: Schedule Appointment -  element not present
	at org.testng.Assert.fail(Assert.java:99)
	at utils.WebBasePage.click(WebBasePage.java:126)
	at pageobjects.AppointmentCalendarPage.clickOnScheduleAppointment(AppointmentCalendarPage.java:45)
	at action.AppointmentCalendarAction.GoToManageexternalLinkPage(AppointmentCalendarAction.java:29)
	at testcases.AppointmentCalendarTest.ValidateClickTestingOfManageExternalLinkPage(AppointmentCalendarTest.java:27)
	at java.base/jdk.internal.reflect.NativeMethodAccessorImpl.invoke0(Native Method)
	at java.base/jdk.internal.reflect.NativeMethodAccessorImpl.invoke(NativeMethodAccessorImpl.java:77)
	at java.base/jdk.internal.reflect.DelegatingMethodAccessorImpl.invoke(DelegatingMethodAccessorImpl.java:43)
	at java.base/java.lang.reflect.Method.invoke(Method.java:568)
	at org.testng.internal.MethodInvocationHelper.invokeMethod(MethodInvocationHelper.java:133)
	at org.testng.internal.TestInvoker.invokeMethod(TestInvoker.java:598)
	at org.testng.internal.TestInvoker.invokeTestMethod(TestInvoker.java:173)
	at org.testng.internal.MethodRunner.runInSequence(MethodRunner.java:46)
	at org.testng.internal.TestInvoker$MethodInvocationAgent.invoke(TestInvoker.java:824)
	at org.testng.internal.TestInvoker.invokeTestMethods(TestInvoker.java:146)
	at org.testng.internal.TestMethodWorker.invokeTestMethods(TestMethodWorker.java:146)
	at org.testng.internal.TestMethodWorker.run(TestMethodWorker.java:128)
	at java.base/java.util.ArrayList.forEach(ArrayList.java:1511)
	at org.testng.TestRunner.privateRun(TestRunner.java:794)
	at org.testng.TestRunner.run(TestRunner.java:596)
	at org.testng.SuiteRunner.runTest(SuiteRunner.java:377)
	at org.testng.SuiteRunner.runSequentially(SuiteRunner.java:371)
	at org.testng.SuiteRunner.privateRun(SuiteRunner.java:332)
	at org.testng.SuiteRunner.run(SuiteRunner.java:276)
	at org.testng.SuiteRunnerWorker.runSuite(SuiteRunnerWorker.java:53)
	at org.testng.SuiteRunnerWorker.run(SuiteRunnerWorker.java:96)
	at org.testng.TestNG.runSuitesSequentially(TestNG.java:1212)
	at org.testng.TestNG.runSuitesLocally(TestNG.java:1134)
	at org.testng.TestNG.runSuites(TestNG.java:1063)
	at org.testng.TestNG.run(TestNG.java:1031)
	at org.testng.remote.AbstractRemoteTestNG.run(AbstractRemoteTestNG.java:115)
	at org.testng.remote.RemoteTestNG.initAndRun(RemoteTestNG.java:251)
	at org.testng.remote.RemoteTestNG.main(RemoteTestNG.java:77)
</pre></div></td>
<td>60</td>
<td>testcases.AppointmentCalendarTest@1ab3a8c8</td></tr>
<tr>
<td title='testcases.AssetManagementTest.ValidateClickTestingOfGroupListPage()'><b>ValidateClickTestingOfGroupListPage</b><br>Test class: testcases.AssetManagementTest</td>
<td><div><pre>java.lang.AssertionError: Asset Dashboard -  element not present
	at utils.WebBasePage.click(WebBasePage.java:126)
	at pageobjects.AssetManagementPage.clickOnAssetDashboard(AssetManagementPage.java:45)
	at action.AssetManagementAction.GoToGroupListPage(AssetManagementAction.java:29)
	at testcases.AssetManagementTest.ValidateClickTestingOfGroupListPage(AssetManagementTest.java:27)
	at java.base/java.util.ArrayList.forEach(ArrayList.java:1511)
... Removed 28 stack frames</pre></div><a href='#' onClick='toggleBox("stack-trace1730129134", this, "Click to show all stack frames", "Click to hide stack frames")'>Click to show all stack frames</a>
<div class='stack-trace' id='stack-trace1730129134'><pre>java.lang.AssertionError: Asset Dashboard -  element not present
	at org.testng.Assert.fail(Assert.java:99)
	at utils.WebBasePage.click(WebBasePage.java:126)
	at pageobjects.AssetManagementPage.clickOnAssetDashboard(AssetManagementPage.java:45)
	at action.AssetManagementAction.GoToGroupListPage(AssetManagementAction.java:29)
	at testcases.AssetManagementTest.ValidateClickTestingOfGroupListPage(AssetManagementTest.java:27)
	at java.base/jdk.internal.reflect.NativeMethodAccessorImpl.invoke0(Native Method)
	at java.base/jdk.internal.reflect.NativeMethodAccessorImpl.invoke(NativeMethodAccessorImpl.java:77)
	at java.base/jdk.internal.reflect.DelegatingMethodAccessorImpl.invoke(DelegatingMethodAccessorImpl.java:43)
	at java.base/java.lang.reflect.Method.invoke(Method.java:568)
	at org.testng.internal.MethodInvocationHelper.invokeMethod(MethodInvocationHelper.java:133)
	at org.testng.internal.TestInvoker.invokeMethod(TestInvoker.java:598)
	at org.testng.internal.TestInvoker.invokeTestMethod(TestInvoker.java:173)
	at org.testng.internal.MethodRunner.runInSequence(MethodRunner.java:46)
	at org.testng.internal.TestInvoker$MethodInvocationAgent.invoke(TestInvoker.java:824)
	at org.testng.internal.TestInvoker.invokeTestMethods(TestInvoker.java:146)
	at org.testng.internal.TestMethodWorker.invokeTestMethods(TestMethodWorker.java:146)
	at org.testng.internal.TestMethodWorker.run(TestMethodWorker.java:128)
	at java.base/java.util.ArrayList.forEach(ArrayList.java:1511)
	at org.testng.TestRunner.privateRun(TestRunner.java:794)
	at org.testng.TestRunner.run(TestRunner.java:596)
	at org.testng.SuiteRunner.runTest(SuiteRunner.java:377)
	at org.testng.SuiteRunner.runSequentially(SuiteRunner.java:371)
	at org.testng.SuiteRunner.privateRun(SuiteRunner.java:332)
	at org.testng.SuiteRunner.run(SuiteRunner.java:276)
	at org.testng.SuiteRunnerWorker.runSuite(SuiteRunnerWorker.java:53)
	at org.testng.SuiteRunnerWorker.run(SuiteRunnerWorker.java:96)
	at org.testng.TestNG.runSuitesSequentially(TestNG.java:1212)
	at org.testng.TestNG.runSuitesLocally(TestNG.java:1134)
	at org.testng.TestNG.runSuites(TestNG.java:1063)
	at org.testng.TestNG.run(TestNG.java:1031)
	at org.testng.remote.AbstractRemoteTestNG.run(AbstractRemoteTestNG.java:115)
	at org.testng.remote.RemoteTestNG.initAndRun(RemoteTestNG.java:251)
	at org.testng.remote.RemoteTestNG.main(RemoteTestNG.java:77)
</pre></div></td>
<td>56</td>
<td>testcases.AssetManagementTest@1dde4cb2</td></tr>
<tr>
<td title='testcases.FSMTest.ValidateClickTestingOfAddTicketPage()'><b>ValidateClickTestingOfAddTicketPage</b><br>Test class: testcases.FSMTest</td>
<td><div><pre>java.lang.AssertionError: FSM -  element not present
	at utils.WebBasePage.click(WebBasePage.java:126)
	at pageobjects.FSMPage.clickOnFSMLink(FSMPage.java:26)
	at action.FSMAction.GoToFSMPage(FSMAction.java:20)
	at testcases.FSMTest.ValidateClickTestingOfAddTicketPage(FSMTest.java:26)
	at java.base/java.util.ArrayList.forEach(ArrayList.java:1511)
... Removed 28 stack frames</pre></div><a href='#' onClick='toggleBox("stack-trace432914967", this, "Click to show all stack frames", "Click to hide stack frames")'>Click to show all stack frames</a>
<div class='stack-trace' id='stack-trace432914967'><pre>java.lang.AssertionError: FSM -  element not present
	at org.testng.Assert.fail(Assert.java:99)
	at utils.WebBasePage.click(WebBasePage.java:126)
	at pageobjects.FSMPage.clickOnFSMLink(FSMPage.java:26)
	at action.FSMAction.GoToFSMPage(FSMAction.java:20)
	at testcases.FSMTest.ValidateClickTestingOfAddTicketPage(FSMTest.java:26)
	at java.base/jdk.internal.reflect.NativeMethodAccessorImpl.invoke0(Native Method)
	at java.base/jdk.internal.reflect.NativeMethodAccessorImpl.invoke(NativeMethodAccessorImpl.java:77)
	at java.base/jdk.internal.reflect.DelegatingMethodAccessorImpl.invoke(DelegatingMethodAccessorImpl.java:43)
	at java.base/java.lang.reflect.Method.invoke(Method.java:568)
	at org.testng.internal.MethodInvocationHelper.invokeMethod(MethodInvocationHelper.java:133)
	at org.testng.internal.TestInvoker.invokeMethod(TestInvoker.java:598)
	at org.testng.internal.TestInvoker.invokeTestMethod(TestInvoker.java:173)
	at org.testng.internal.MethodRunner.runInSequence(MethodRunner.java:46)
	at org.testng.internal.TestInvoker$MethodInvocationAgent.invoke(TestInvoker.java:824)
	at org.testng.internal.TestInvoker.invokeTestMethods(TestInvoker.java:146)
	at org.testng.internal.TestMethodWorker.invokeTestMethods(TestMethodWorker.java:146)
	at org.testng.internal.TestMethodWorker.run(TestMethodWorker.java:128)
	at java.base/java.util.ArrayList.forEach(ArrayList.java:1511)
	at org.testng.TestRunner.privateRun(TestRunner.java:794)
	at org.testng.TestRunner.run(TestRunner.java:596)
	at org.testng.SuiteRunner.runTest(SuiteRunner.java:377)
	at org.testng.SuiteRunner.runSequentially(SuiteRunner.java:371)
	at org.testng.SuiteRunner.privateRun(SuiteRunner.java:332)
	at org.testng.SuiteRunner.run(SuiteRunner.java:276)
	at org.testng.SuiteRunnerWorker.runSuite(SuiteRunnerWorker.java:53)
	at org.testng.SuiteRunnerWorker.run(SuiteRunnerWorker.java:96)
	at org.testng.TestNG.runSuitesSequentially(TestNG.java:1212)
	at org.testng.TestNG.runSuitesLocally(TestNG.java:1134)
	at org.testng.TestNG.runSuites(TestNG.java:1063)
	at org.testng.TestNG.run(TestNG.java:1031)
	at org.testng.remote.AbstractRemoteTestNG.run(AbstractRemoteTestNG.java:115)
	at org.testng.remote.RemoteTestNG.initAndRun(RemoteTestNG.java:251)
	at org.testng.remote.RemoteTestNG.main(RemoteTestNG.java:77)
</pre></div></td>
<td>48</td>
<td>testcases.FSMTest@5f058f00</td></tr>
<tr>
<td title='testcases.CRMTest.ValidateClickTestingOfAccountsPage()'><b>ValidateClickTestingOfAccountsPage</b><br>Test class: testcases.CRMTest</td>
<td><div><pre>java.lang.AssertionError: Expand Context menu -  element not clickable
	at utils.WebBasePage.click(WebBasePage.java:119)
	at pageobjects.CRMPage.clickOnAccounts(CRMPage.java:37)
	at action.CRMAction.GoToAccountsPage(CRMAction.java:30)
	at testcases.CRMTest.ValidateClickTestingOfAccountsPage(CRMTest.java:27)
	at java.base/java.util.ArrayList.forEach(ArrayList.java:1511)
... Removed 28 stack frames</pre></div><a href='#' onClick='toggleBox("stack-trace1699491713", this, "Click to show all stack frames", "Click to hide stack frames")'>Click to show all stack frames</a>
<div class='stack-trace' id='stack-trace1699491713'><pre>java.lang.AssertionError: Expand Context menu -  element not clickable
	at org.testng.Assert.fail(Assert.java:99)
	at utils.WebBasePage.click(WebBasePage.java:119)
	at pageobjects.CRMPage.clickOnAccounts(CRMPage.java:37)
	at action.CRMAction.GoToAccountsPage(CRMAction.java:30)
	at testcases.CRMTest.ValidateClickTestingOfAccountsPage(CRMTest.java:27)
	at java.base/jdk.internal.reflect.NativeMethodAccessorImpl.invoke0(Native Method)
	at java.base/jdk.internal.reflect.NativeMethodAccessorImpl.invoke(NativeMethodAccessorImpl.java:77)
	at java.base/jdk.internal.reflect.DelegatingMethodAccessorImpl.invoke(DelegatingMethodAccessorImpl.java:43)
	at java.base/java.lang.reflect.Method.invoke(Method.java:568)
	at org.testng.internal.MethodInvocationHelper.invokeMethod(MethodInvocationHelper.java:133)
	at org.testng.internal.TestInvoker.invokeMethod(TestInvoker.java:598)
	at org.testng.internal.TestInvoker.invokeTestMethod(TestInvoker.java:173)
	at org.testng.internal.MethodRunner.runInSequence(MethodRunner.java:46)
	at org.testng.internal.TestInvoker$MethodInvocationAgent.invoke(TestInvoker.java:824)
	at org.testng.internal.TestInvoker.invokeTestMethods(TestInvoker.java:146)
	at org.testng.internal.TestMethodWorker.invokeTestMethods(TestMethodWorker.java:146)
	at org.testng.internal.TestMethodWorker.run(TestMethodWorker.java:128)
	at java.base/java.util.ArrayList.forEach(ArrayList.java:1511)
	at org.testng.TestRunner.privateRun(TestRunner.java:794)
	at org.testng.TestRunner.run(TestRunner.java:596)
	at org.testng.SuiteRunner.runTest(SuiteRunner.java:377)
	at org.testng.SuiteRunner.runSequentially(SuiteRunner.java:371)
	at org.testng.SuiteRunner.privateRun(SuiteRunner.java:332)
	at org.testng.SuiteRunner.run(SuiteRunner.java:276)
	at org.testng.SuiteRunnerWorker.runSuite(SuiteRunnerWorker.java:53)
	at org.testng.SuiteRunnerWorker.run(SuiteRunnerWorker.java:96)
	at org.testng.TestNG.runSuitesSequentially(TestNG.java:1212)
	at org.testng.TestNG.runSuitesLocally(TestNG.java:1134)
	at org.testng.TestNG.runSuites(TestNG.java:1063)
	at org.testng.TestNG.run(TestNG.java:1031)
	at org.testng.remote.AbstractRemoteTestNG.run(AbstractRemoteTestNG.java:115)
	at org.testng.remote.RemoteTestNG.initAndRun(RemoteTestNG.java:251)
	at org.testng.remote.RemoteTestNG.main(RemoteTestNG.java:77)
</pre></div></td>
<td>40</td>
<td>testcases.CRMTest@43195e57</td></tr>
<tr>
<td title='testcases.DocumentStorageTest.ValidateClickTestingOfManageClientStoragePage()'><b>ValidateClickTestingOfManageClientStoragePage</b><br>Test class: testcases.DocumentStorageTest</td>
<td><div><pre>java.lang.AssertionError: File Dashboard -  element not present
	at utils.WebBasePage.click(WebBasePage.java:126)
	at pageobjects.DocumentStoragePage.clickOnFileDashboard(DocumentStoragePage.java:49)
	at action.DocumentStorageAction.GoToManageClientStoragePage(DocumentStorageAction.java:29)
	at testcases.DocumentStorageTest.ValidateClickTestingOfManageClientStoragePage(DocumentStorageTest.java:27)
	at java.base/java.util.ArrayList.forEach(ArrayList.java:1511)
... Removed 28 stack frames</pre></div><a href='#' onClick='toggleBox("stack-trace1572066684", this, "Click to show all stack frames", "Click to hide stack frames")'>Click to show all stack frames</a>
<div class='stack-trace' id='stack-trace1572066684'><pre>java.lang.AssertionError: File Dashboard -  element not present
	at org.testng.Assert.fail(Assert.java:99)
	at utils.WebBasePage.click(WebBasePage.java:126)
	at pageobjects.DocumentStoragePage.clickOnFileDashboard(DocumentStoragePage.java:49)
	at action.DocumentStorageAction.GoToManageClientStoragePage(DocumentStorageAction.java:29)
	at testcases.DocumentStorageTest.ValidateClickTestingOfManageClientStoragePage(DocumentStorageTest.java:27)
	at java.base/jdk.internal.reflect.NativeMethodAccessorImpl.invoke0(Native Method)
	at java.base/jdk.internal.reflect.NativeMethodAccessorImpl.invoke(NativeMethodAccessorImpl.java:77)
	at java.base/jdk.internal.reflect.DelegatingMethodAccessorImpl.invoke(DelegatingMethodAccessorImpl.java:43)
	at java.base/java.lang.reflect.Method.invoke(Method.java:568)
	at org.testng.internal.MethodInvocationHelper.invokeMethod(MethodInvocationHelper.java:133)
	at org.testng.internal.TestInvoker.invokeMethod(TestInvoker.java:598)
	at org.testng.internal.TestInvoker.invokeTestMethod(TestInvoker.java:173)
	at org.testng.internal.MethodRunner.runInSequence(MethodRunner.java:46)
	at org.testng.internal.TestInvoker$MethodInvocationAgent.invoke(TestInvoker.java:824)
	at org.testng.internal.TestInvoker.invokeTestMethods(TestInvoker.java:146)
	at org.testng.internal.TestMethodWorker.invokeTestMethods(TestMethodWorker.java:146)
	at org.testng.internal.TestMethodWorker.run(TestMethodWorker.java:128)
	at java.base/java.util.ArrayList.forEach(ArrayList.java:1511)
	at org.testng.TestRunner.privateRun(TestRunner.java:794)
	at org.testng.TestRunner.run(TestRunner.java:596)
	at org.testng.SuiteRunner.runTest(SuiteRunner.java:377)
	at org.testng.SuiteRunner.runSequentially(SuiteRunner.java:371)
	at org.testng.SuiteRunner.privateRun(SuiteRunner.java:332)
	at org.testng.SuiteRunner.run(SuiteRunner.java:276)
	at org.testng.SuiteRunnerWorker.runSuite(SuiteRunnerWorker.java:53)
	at org.testng.SuiteRunnerWorker.run(SuiteRunnerWorker.java:96)
	at org.testng.TestNG.runSuitesSequentially(TestNG.java:1212)
	at org.testng.TestNG.runSuitesLocally(TestNG.java:1134)
	at org.testng.TestNG.runSuites(TestNG.java:1063)
	at org.testng.TestNG.run(TestNG.java:1031)
	at org.testng.remote.AbstractRemoteTestNG.run(AbstractRemoteTestNG.java:115)
	at org.testng.remote.RemoteTestNG.initAndRun(RemoteTestNG.java:251)
	at org.testng.remote.RemoteTestNG.main(RemoteTestNG.java:77)
</pre></div></td>
<td>76</td>
<td>testcases.DocumentStorageTest@56620197</td></tr>
</table><p>
<table width='100%' border='1' class='invocation-passed'>
<tr><td colspan='4' align='center'><b>PASSED TESTS</b></td></tr>
<tr><td><b>Test method</b></td>
<td width="30%"><b>Exception</b></td>
<td width="10%"><b>Time (seconds)</b></td>
<td><b>Instance</b></td>
</tr>
<tr>
<td title='testcases.MSPModuleTest.ValidateClickTestingOfAddPackagesPage()'><b>ValidateClickTestingOfAddPackagesPage</b><br>Test class: testcases.MSPModuleTest</td>
<td></td>
<td>69</td>
<td>testcases.MSPModuleTest@72057ecf</td></tr>
<tr>
<td title='testcases.DisplayScreenTest.ValidateClickTestingOfCounterPage()'><b>ValidateClickTestingOfCounterPage</b><br>Test class: testcases.DisplayScreenTest</td>
<td></td>
<td>55</td>
<td>testcases.DisplayScreenTest@1afd44cb</td></tr>
<tr>
<td title='testcases.COMPANYSETUPTest.ValidateClickTestingOfClientPage()'><b>ValidateClickTestingOfClientPage</b><br>Test class: testcases.COMPANYSETUPTest</td>
<td></td>
<td>56</td>
<td>testcases.COMPANYSETUPTest@123ef382</td></tr>
<tr>
<td title='testcases.HumanResourcesTest.ValidateClickTestingOfAttendancePage()'><b>ValidateClickTestingOfAttendancePage</b><br>Test class: testcases.HumanResourcesTest</td>
<td></td>
<td>78</td>
<td>testcases.HumanResourcesTest@2c767a52</td></tr>
<tr>
<td title='testcases.VDeskTest.ValidateClickTestingOfApplicationSettingsPage()'><b>ValidateClickTestingOfApplicationSettingsPage</b><br>Test class: testcases.VDeskTest</td>
<td></td>
<td>53</td>
<td>testcases.VDeskTest@6973b51b</td></tr>
<tr>
<td title='testcases.ProjectManagementTest.ValidateClickTestingOfGlobalTaskPage()'><b>ValidateClickTestingOfGlobalTaskPage</b><br>Test class: testcases.ProjectManagementTest</td>
<td></td>
<td>180</td>
<td>testcases.ProjectManagementTest@dbf57b3</td></tr>
<tr>
<td title='testcases.PerformanceReviewTest.ValidateClickTestingOfPerformanceReviewPage()'><b>ValidateClickTestingOfPerformanceReviewPage</b><br>Test class: testcases.PerformanceReviewTest</td>
<td></td>
<td>98</td>
<td>testcases.PerformanceReviewTest@40ef3420</td></tr>
<tr>
<td title='testcases.VendorTest.ValidateClickTestingOfTrainingPage()'><b>ValidateClickTestingOfTrainingPage</b><br>Test class: testcases.VendorTest</td>
<td></td>
<td>78</td>
<td>testcases.VendorTest@479d31f3</td></tr>
<tr>
<td title='testcases.HRManagementTest.ValidateClickTestingOfAttendancePage()'><b>ValidateClickTestingOfAttendancePage</b><br>Test class: testcases.HRManagementTest</td>
<td></td>
<td>109</td>
<td>testcases.HRManagementTest@498d318c</td></tr>
<tr>
<td title='testcases.CommunicationTest.ValidateClickTestingOfIVRPage()'><b>ValidateClickTestingOfIVRPage</b><br>Test class: testcases.CommunicationTest</td>
<td></td>
<td>80</td>
<td>testcases.CommunicationTest@59fd97a8</td></tr>
<tr>
<td title='testcases.GeneralTest.ValidateClickTestingOfAddReportPage()'><b>ValidateClickTestingOfAddReportPage</b><br>Test class: testcases.GeneralTest</td>
<td></td>
<td>98</td>
<td>testcases.GeneralTest@7714e963</td></tr>
<tr>
<td title='testcases.HiringTest.ValidateClickTestingOfCandidateListPage()'><b>ValidateClickTestingOfCandidateListPage</b><br>Test class: testcases.HiringTest</td>
<td></td>
<td>72</td>
<td>testcases.HiringTest@795cd85e</td></tr>
<tr>
<td title='testcases.EventManagementTest.ValidateClickTestingOfCalendarPage()'><b>ValidateClickTestingOfCalendarPage</b><br>Test class: testcases.EventManagementTest</td>
<td></td>
<td>105</td>
<td>testcases.EventManagementTest@393671df</td></tr>
<tr>
<td title='testcases.TicketingTest.ValidateClickTestingOfTicketingPage()'><b>ValidateClickTestingOfTicketingPage</b><br>Test class: testcases.TicketingTest</td>
<td></td>
<td>124</td>
<td>testcases.TicketingTest@6e171cd7</td></tr>
<tr>
<td title='testcases.INTEGRATIONSTest.ValidateClickTestingOfINTEGRATIONSPage()'><b>ValidateClickTestingOfINTEGRATIONSPage</b><br>Test class: testcases.INTEGRATIONSTest</td>
<td></td>
<td>55</td>
<td>testcases.INTEGRATIONSTest@192d43ce</td></tr>
<tr>
<td title='testcases.IntegrationTest.ValidateClickTestingOfBasecampPage()'><b>ValidateClickTestingOfBasecampPage</b><br>Test class: testcases.IntegrationTest</td>
<td></td>
<td>55</td>
<td>testcases.IntegrationTest@384ad17b</td></tr>
<tr>
<td title='testcases.TimeTrackingTest.ValidateClickTestingOfAuditRulePage()'><b>ValidateClickTestingOfAuditRulePage</b><br>Test class: testcases.TimeTrackingTest</td>
<td></td>
<td>141</td>
<td>testcases.TimeTrackingTest@402bba4f</td></tr>
<tr>
<td title='testcases.TrainingTest.ValidateClickTestingOfTrainingPage()'><b>ValidateClickTestingOfTrainingPage</b><br>Test class: testcases.TrainingTest</td>
<td></td>
<td>63</td>
<td>testcases.TrainingTest@f5ac9e4</td></tr>
<tr>
<td title='testcases.ApprovalTest.ValidateClickTestingOfApprovalChainPage()'><b>ValidateClickTestingOfApprovalChainPage</b><br>Test class: testcases.ApprovalTest</td>
<td></td>
<td>60</td>
<td>testcases.ApprovalTest@333291e3</td></tr>
<tr>
<td title='testcases.ExpenseTest.ValidateClickTestingOfAddExpensePage()'><b>ValidateClickTestingOfAddExpensePage</b><br>Test class: testcases.ExpenseTest</td>
<td></td>
<td>83</td>
<td>testcases.ExpenseTest@20ce78ec</td></tr>
<tr>
<td title='testcases.BillingTest.ValidateClickTestingOfAutomateFlagProcessingPage()'><b>ValidateClickTestingOfAutomateFlagProcessingPage</b><br>Test class: testcases.BillingTest</td>
<td></td>
<td>72</td>
<td>testcases.BillingTest@3835c46</td></tr>
</table><p>
</body>
</html>